#
# There is insufficient memory for the Java Runtime Environment to continue.
# Native memory allocation (malloc) failed to allocate 32744 bytes for ChunkPool::allocate
# Possible reasons:
#   The system is out of physical RAM or swap space
#   In 32 bit mode, the process size limit was hit
# Possible solutions:
#   Reduce memory load on the system
#   Increase physical memory or swap space
#   Check if swap backing store is full
#   Use 64 bit Java on a 64 bit OS
#   Decrease Java heap size (-Xmx/-Xms)
#   Decrease number of Java threads
#   Decrease Java thread stack sizes (-Xss)
#   Set larger code cache with -XX:ReservedCodeCacheSize=
# This output file may be truncated or incomplete.
#
#  Out of Memory Error (allocation.cpp:273), pid=39684, tid=0x000000000000878c
#
# JRE version: Java(TM) SE Runtime Environment (8.0_121-b13) (build 1.8.0_121-b13)
# Java VM: Java HotSpot(TM) 64-Bit Server VM (25.121-b13 mixed mode windows-amd64 compressed oops)
# Failed to write core dump. Minidumps are not enabled by default on client versions of Windows
#

---------------  T H R E A D  ---------------

Current thread (0x000000001799f000):  JavaThread "C1 CompilerThread2" daemon [_thread_in_native, id=34700, stack(0x00000000191d0000,0x00000000192d0000)]

Stack: [0x00000000191d0000,0x00000000192d0000]
[error occurred during error reporting (printing stack bounds), id 0xc0000005]

Native frames: (J=compiled Java code, j=interpreted, Vv=VM code, C=native code)


Current CompileTask:
C1:   9695 4038   !   1       org.springframework.beans.factory.support.ConstructorResolver::instantiateUsingFactoryMethod (1488 bytes)


---------------  P R O C E S S  ---------------

Java Threads: ( => current thread )
  0x000000001ba30800 JavaThread "container-0" [_thread_blocked, id=37712, stack(0x000000001d6e0000,0x000000001d7e0000)]
  0x000000001bc1a800 JavaThread "Catalina-utility-1" [_thread_blocked, id=39408, stack(0x000000001d5e0000,0x000000001d6e0000)]
  0x000000001bba0000 JavaThread "SimplePauseDetectorThread_0" daemon [_thread_blocked, id=39700, stack(0x000000001d4e0000,0x000000001d5e0000)]
  0x000000001bb9f800 JavaThread "Thread-6" daemon [_thread_blocked, id=2968, stack(0x000000001d3e0000,0x000000001d4e0000)]
  0x000000001bb28800 JavaThread "spring.cloud.inetutils" daemon [_thread_blocked, id=32196, stack(0x000000001d2e0000,0x000000001d3e0000)]
  0x0000000019c7b000 JavaThread "JMX server connection timeout 17" daemon [_thread_blocked, id=36140, stack(0x000000001a6d0000,0x000000001a7d0000)]
  0x0000000019c6b800 JavaThread "RMI TCP Connection(2)-127.0.0.1" daemon [_thread_in_native, id=29480, stack(0x000000001a5d0000,0x000000001a6d0000)]
  0x0000000019c65000 JavaThread "RMI Scheduler(0)" daemon [_thread_blocked, id=24188, stack(0x000000001a3d0000,0x000000001a4d0000)]
  0x0000000019c5a000 JavaThread "RMI TCP Accept-0" daemon [_thread_in_native, id=19980, stack(0x000000001a2d0000,0x000000001a3d0000)]
  0x0000000019c56000 JavaThread "RMI TCP Connection(1)-127.0.0.1" daemon [_thread_in_native, id=37676, stack(0x000000001a1d0000,0x000000001a2d0000)]
  0x0000000019c55000 JavaThread "RMI TCP Accept-56884" daemon [_thread_in_native, id=35664, stack(0x000000001a0d0000,0x000000001a1d0000)]
  0x0000000019c3f800 JavaThread "RMI TCP Accept-0" daemon [_thread_in_native, id=37536, stack(0x0000000019fd0000,0x000000001a0d0000)]
  0x0000000019300800 JavaThread "Service Thread" daemon [_thread_blocked, id=35980, stack(0x00000000196d0000,0x00000000197d0000)]
=>0x000000001799f000 JavaThread "C1 CompilerThread2" daemon [_thread_in_native, id=34700, stack(0x00000000191d0000,0x00000000192d0000)]
  0x0000000017999000 JavaThread "C2 CompilerThread1" daemon [_thread_blocked, id=35352, stack(0x00000000190d0000,0x00000000191d0000)]
  0x0000000017996800 JavaThread "C2 CompilerThread0" daemon [_thread_blocked, id=35248, stack(0x0000000018fd0000,0x00000000190d0000)]
  0x0000000017995000 JavaThread "Attach Listener" daemon [_thread_blocked, id=34156, stack(0x0000000018ed0000,0x0000000018fd0000)]
  0x0000000017994000 JavaThread "Signal Dispatcher" daemon [_thread_blocked, id=39120, stack(0x0000000018dd0000,0x0000000018ed0000)]
  0x000000001797c800 JavaThread "Finalizer" daemon [_thread_blocked, id=38084, stack(0x0000000018be0000,0x0000000018ce0000)]
  0x0000000017959000 JavaThread "Reference Handler" daemon [_thread_blocked, id=32996, stack(0x0000000018ae0000,0x0000000018be0000)]
  0x0000000002c48800 JavaThread "main" [_thread_in_Java, id=39196, stack(0x0000000002b40000,0x0000000002c40000)]

Other Threads:
  0x0000000017957000 VMThread [stack: 0x00000000189e0000,0x0000000018ae0000] [id=31064]
  0x0000000019c6a000 WatcherThread [stack: 0x000000001a4d0000,0x000000001a5d0000] [id=39032]

VM state:not at safepoint (normal execution)

VM Mutex/Monitor currently owned by a thread: None

Heap:
 PSYoungGen      total 146944K, used 13489K [0x00000000d5580000, 0x00000000e0c00000, 0x0000000100000000)
  eden space 131584K, 10% used [0x00000000d5580000,0x00000000d62ac5b0,0x00000000dd600000)
  from space 15360K, 0% used [0x00000000dfd00000,0x00000000dfd00000,0x00000000e0c00000)
  to   space 8192K, 0% used [0x00000000dd600000,0x00000000dd600000,0x00000000dde00000)
 ParOldGen       total 53248K, used 22235K [0x0000000080000000, 0x0000000083400000, 0x00000000d5580000)
  object space 53248K, 41% used [0x0000000080000000,0x00000000815b6ec8,0x0000000083400000)
 Metaspace       used 36702K, capacity 38390K, committed 38744K, reserved 1085440K
  class space    used 5080K, capacity 5385K, committed 5504K, reserved 1048576K

Card table byte_map: [0x0000000012100000,0x0000000012510000] byte_map_base: 0x0000000011d00000

Marking Bits: (ParMarkBitMap*) 0x0000000074f5b6d0
 Begin Bits: [0x0000000012bc0000, 0x0000000014bc0000)
 End Bits:   [0x0000000014bc0000, 0x0000000016bc0000)

Polling page: 0x00000000029b0000

CodeCache: size=245760Kb used=8285Kb max_used=8285Kb free=237474Kb
 bounds [0x0000000002d40000, 0x0000000003560000, 0x0000000011d40000]
 total_blobs=4477 nmethods=4036 adapters=354
 compilation: enabled

Compilation events (10 events):
Event: 9.660 Thread 0x000000001799f000 nmethod 4033 0x0000000003551990 code [0x0000000003551b00, 0x0000000003551cb8]
Event: 9.662 Thread 0x000000001799f000 4034       1       org.springframework.beans.factory.support.AbstractBeanFactory$$Lambda$116/561480862::<init> (26 bytes)
Event: 9.662 Thread 0x000000001799f000 nmethod 4034 0x0000000003551dd0 code [0x0000000003551f20, 0x0000000003552070]
Event: 9.662 Thread 0x000000001799f000 4035   !   1       org.springframework.beans.factory.support.DefaultSingletonBeanRegistry::getSingleton (297 bytes)
Event: 9.663 Thread 0x000000001799f000 nmethod 4035 0x00000000035520d0 code [0x00000000035523c0, 0x0000000003553068]
Event: 9.663 Thread 0x000000001799f000 4036   !   1       org.springframework.beans.factory.support.AbstractAutowireCapableBeanFactory::doCreateBean (507 bytes)
Event: 9.666 Thread 0x000000001799f000 nmethod 4036 0x0000000003553e90 code [0x00000000035542e0, 0x00000000035559d8]
Event: 9.675 Thread 0x000000001799f000 4037       1       org.springframework.asm.MethodVisitor::visitLineNumber (17 bytes)
Event: 9.675 Thread 0x000000001799f000 nmethod 4037 0x0000000003557310 code [0x0000000003557460, 0x00000000035575a8]
Event: 9.680 Thread 0x000000001799f000 4038   !   1       org.springframework.beans.factory.support.ConstructorResolver::instantiateUsingFactoryMethod (1488 bytes)

GC Heap History (10 events):
Event: 8.749 GC heap before
{Heap before GC invocations=12 (full 2):
 PSYoungGen      total 139776K, used 131584K [0x00000000d5580000, 0x00000000e0c00000, 0x0000000100000000)
  eden space 131584K, 100% used [0x00000000d5580000,0x00000000dd600000,0x00000000dd600000)
  from space 8192K, 0% used [0x00000000dd600000,0x00000000dd600000,0x00000000dde00000)
  to   space 15360K, 0% used [0x00000000dfd00000,0x00000000dfd00000,0x00000000e0c00000)
 ParOldGen       total 53248K, used 23055K [0x0000000080000000, 0x0000000083400000, 0x00000000d5580000)
  object space 53248K, 43% used [0x0000000080000000,0x0000000081683e60,0x0000000083400000)
 Metaspace       used 35576K, capacity 37174K, committed 37208K, reserved 1081344K
  class space    used 4891K, capacity 5224K, committed 5248K, reserved 1048576K
Event: 8.760 GC heap after
Heap after GC invocations=12 (full 2):
 PSYoungGen      total 146944K, used 4789K [0x00000000d5580000, 0x00000000e0c00000, 0x0000000100000000)
  eden space 131584K, 0% used [0x00000000d5580000,0x00000000d5580000,0x00000000dd600000)
  from space 15360K, 31% used [0x00000000dfd00000,0x00000000e01ad540,0x00000000e0c00000)
  to   space 8192K, 0% used [0x00000000dd600000,0x00000000dd600000,0x00000000dde00000)
 ParOldGen       total 53248K, used 23063K [0x0000000080000000, 0x0000000083400000, 0x00000000d5580000)
  object space 53248K, 43% used [0x0000000080000000,0x0000000081685e60,0x0000000083400000)
 Metaspace       used 35576K, capacity 37174K, committed 37208K, reserved 1081344K
  class space    used 4891K, capacity 5224K, committed 5248K, reserved 1048576K
}
Event: 9.301 GC heap before
{Heap before GC invocations=13 (full 2):
 PSYoungGen      total 146944K, used 74099K [0x00000000d5580000, 0x00000000e0c00000, 0x0000000100000000)
  eden space 131584K, 52% used [0x00000000d5580000,0x00000000d992fa80,0x00000000dd600000)
  from space 15360K, 31% used [0x00000000dfd00000,0x00000000e01ad540,0x00000000e0c00000)
  to   space 8192K, 0% used [0x00000000dd600000,0x00000000dd600000,0x00000000dde00000)
 ParOldGen       total 53248K, used 23063K [0x0000000080000000, 0x0000000083400000, 0x00000000d5580000)
  object space 53248K, 43% used [0x0000000080000000,0x0000000081685e60,0x0000000083400000)
 Metaspace       used 36717K, capacity 38408K, committed 38488K, reserved 1091584K
  class space    used 5076K, capacity 5424K, committed 5504K, reserved 1048576K
Event: 9.312 GC heap after
Heap after GC invocations=13 (full 2):
 PSYoungGen      total 139776K, used 2691K [0x00000000d5580000, 0x00000000e0c00000, 0x0000000100000000)
  eden space 131584K, 0% used [0x00000000d5580000,0x00000000d5580000,0x00000000dd600000)
  from space 8192K, 32% used [0x00000000dd600000,0x00000000dd8a0dd0,0x00000000dde00000)
  to   space 15360K, 0% used [0x00000000dfd00000,0x00000000dfd00000,0x00000000e0c00000)
 ParOldGen       total 53248K, used 26767K [0x0000000080000000, 0x0000000083400000, 0x00000000d5580000)
  object space 53248K, 50% used [0x0000000080000000,0x0000000081a23e60,0x0000000083400000)
 Metaspace       used 36717K, capacity 38408K, committed 38488K, reserved 1091584K
  class space    used 5076K, capacity 5424K, committed 5504K, reserved 1048576K
}
Event: 9.312 GC heap before
{Heap before GC invocations=14 (full 3):
 PSYoungGen      total 139776K, used 2691K [0x00000000d5580000, 0x00000000e0c00000, 0x0000000100000000)
  eden space 131584K, 0% used [0x00000000d5580000,0x00000000d5580000,0x00000000dd600000)
  from space 8192K, 32% used [0x00000000dd600000,0x00000000dd8a0dd0,0x00000000dde00000)
  to   space 15360K, 0% used [0x00000000dfd00000,0x00000000dfd00000,0x00000000e0c00000)
 ParOldGen       total 53248K, used 26767K [0x0000000080000000, 0x0000000083400000, 0x00000000d5580000)
  object space 53248K, 50% used [0x0000000080000000,0x0000000081a23e60,0x0000000083400000)
 Metaspace       used 36717K, capacity 38408K, committed 38488K, reserved 1091584K
  class space    used 5076K, capacity 5424K, committed 5504K, reserved 1048576K
Event: 9.479 GC heap after
Heap after GC invocations=14 (full 3):
 PSYoungGen      total 139776K, used 0K [0x00000000d5580000, 0x00000000e0c00000, 0x0000000100000000)
  eden space 131584K, 0% used [0x00000000d5580000,0x00000000d5580000,0x00000000dd600000)
  from space 8192K, 0% used [0x00000000dd600000,0x00000000dd600000,0x00000000dde00000)
  to   space 15360K, 0% used [0x00000000dfd00000,0x00000000dfd00000,0x00000000e0c00000)
 ParOldGen       total 53248K, used 27096K [0x0000000080000000, 0x0000000083400000, 0x00000000d5580000)
  object space 53248K, 50% used [0x0000000080000000,0x0000000081a763b8,0x0000000083400000)
 Metaspace       used 36717K, capacity 38408K, committed 38488K, reserved 1085440K
  class space    used 5076K, capacity 5424K, committed 5504K, reserved 1048576K
}
Event: 9.479 GC heap before
{Heap before GC invocations=15 (full 3):
 PSYoungGen      total 139776K, used 0K [0x00000000d5580000, 0x00000000e0c00000, 0x0000000100000000)
  eden space 131584K, 0% used [0x00000000d5580000,0x00000000d5580000,0x00000000dd600000)
  from space 8192K, 0% used [0x00000000dd600000,0x00000000dd600000,0x00000000dde00000)
  to   space 15360K, 0% used [0x00000000dfd00000,0x00000000dfd00000,0x00000000e0c00000)
 ParOldGen       total 53248K, used 27096K [0x0000000080000000, 0x0000000083400000, 0x00000000d5580000)
  object space 53248K, 50% used [0x0000000080000000,0x0000000081a763b8,0x0000000083400000)
 Metaspace       used 36717K, capacity 38408K, committed 38488K, reserved 1089536K
  class space    used 5076K, capacity 5424K, committed 5504K, reserved 1048576K
Event: 9.482 GC heap after
Heap after GC invocations=15 (full 3):
 PSYoungGen      total 146944K, used 0K [0x00000000d5580000, 0x00000000e0c00000, 0x0000000100000000)
  eden space 131584K, 0% used [0x00000000d5580000,0x00000000d5580000,0x00000000dd600000)
  from space 15360K, 0% used [0x00000000dfd00000,0x00000000dfd00000,0x00000000e0c00000)
  to   space 8192K, 0% used [0x00000000dd600000,0x00000000dd600000,0x00000000dde00000)
 ParOldGen       total 53248K, used 27096K [0x0000000080000000, 0x0000000083400000, 0x00000000d5580000)
  object space 53248K, 50% used [0x0000000080000000,0x0000000081a763b8,0x0000000083400000)
 Metaspace       used 36717K, capacity 38408K, committed 38488K, reserved 1089536K
  class space    used 5076K, capacity 5424K, committed 5504K, reserved 1048576K
}
Event: 9.482 GC heap before
{Heap before GC invocations=16 (full 4):
 PSYoungGen      total 146944K, used 0K [0x00000000d5580000, 0x00000000e0c00000, 0x0000000100000000)
  eden space 131584K, 0% used [0x00000000d5580000,0x00000000d5580000,0x00000000dd600000)
  from space 15360K, 0% used [0x00000000dfd00000,0x00000000dfd00000,0x00000000e0c00000)
  to   space 8192K, 0% used [0x00000000dd600000,0x00000000dd600000,0x00000000dde00000)
 ParOldGen       total 53248K, used 27096K [0x0000000080000000, 0x0000000083400000, 0x00000000d5580000)
  object space 53248K, 50% used [0x0000000080000000,0x0000000081a763b8,0x0000000083400000)
 Metaspace       used 36717K, capacity 38408K, committed 38488K, reserved 1089536K
  class space    used 5076K, capacity 5424K, committed 5504K, reserved 1048576K
Event: 9.623 GC heap after
Heap after GC invocations=16 (full 4):
 PSYoungGen      total 146944K, used 0K [0x00000000d5580000, 0x00000000e0c00000, 0x0000000100000000)
  eden space 131584K, 0% used [0x00000000d5580000,0x00000000d5580000,0x00000000dd600000)
  from space 15360K, 0% used [0x00000000dfd00000,0x00000000dfd00000,0x00000000e0c00000)
  to   space 8192K, 0% used [0x00000000dd600000,0x00000000dd600000,0x00000000dde00000)
 ParOldGen       total 53248K, used 22235K [0x0000000080000000, 0x0000000083400000, 0x00000000d5580000)
  object space 53248K, 41% used [0x0000000080000000,0x00000000815b6ec8,0x0000000083400000)
 Metaspace       used 36444K, capacity 37968K, committed 38488K, reserved 1085440K
  class space    used 5033K, capacity 5346K, committed 5504K, reserved 1048576K
}

Deoptimization events (0 events):
No events

Internal exceptions (10 events):
Event: 9.657 Thread 0x0000000002c48800 Exception <a 'java/lang/ClassNotFoundException': org/springframework/data/util/StreamableCustomizer> (0x00000000d5d668f8) thrown at [C:\re\workspace\8-2-build-windows-amd64-cygwin\jdk8u121\8372\hotspot\src\share\vm\classfile\systemDictionary.cpp, line 210
Event: 9.657 Thread 0x0000000002c48800 Exception <a 'java/lang/ClassNotFoundException': java/lang/IterableCustomizer> (0x00000000d5d7c368) thrown at [C:\re\workspace\8-2-build-windows-amd64-cygwin\jdk8u121\8372\hotspot\src\share\vm\classfile\systemDictionary.cpp, line 210]
Event: 9.658 Thread 0x0000000002c48800 Exception <a 'java/lang/ClassNotFoundException': java/util/function/SupplierCustomizer> (0x00000000d5d89ed0) thrown at [C:\re\workspace\8-2-build-windows-amd64-cygwin\jdk8u121\8372\hotspot\src\share\vm\classfile\systemDictionary.cpp, line 210]
Event: 9.660 Thread 0x0000000002c48800 Exception <a 'java/lang/ClassNotFoundException': java/lang/ObjectCustomizer> (0x00000000d5da5080) thrown at [C:\re\workspace\8-2-build-windows-amd64-cygwin\jdk8u121\8372\hotspot\src\share\vm\classfile\systemDictionary.cpp, line 210]
Event: 9.661 Thread 0x0000000002c48800 Exception <a 'java/lang/ClassNotFoundException': org/springframework/data/rest/webmvc/ProfileControllerCustomizer> (0x00000000d5dcb090) thrown at [C:\re\workspace\8-2-build-windows-amd64-cygwin\jdk8u121\8372\hotspot\src\share\vm\classfile\systemDictionary
Event: 9.661 Thread 0x0000000002c48800 Exception <a 'java/lang/ArrayIndexOutOfBoundsException'> (0x00000000d5dcd908) thrown at [C:\re\workspace\8-2-build-windows-amd64-cygwin\jdk8u121\8372\hotspot\src\share\vm\runtime\sharedRuntime.cpp, line 605]
Event: 9.661 Thread 0x0000000002c48800 Exception <a 'java/lang/ArrayIndexOutOfBoundsException'> (0x00000000d5dce828) thrown at [C:\re\workspace\8-2-build-windows-amd64-cygwin\jdk8u121\8372\hotspot\src\share\vm\runtime\sharedRuntime.cpp, line 605]
Event: 9.677 Thread 0x0000000002c48800 Exception <a 'java/lang/ArrayIndexOutOfBoundsException'> (0x00000000d5f3fa88) thrown at [C:\re\workspace\8-2-build-windows-amd64-cygwin\jdk8u121\8372\hotspot\src\share\vm\runtime\sharedRuntime.cpp, line 605]
Event: 9.688 Thread 0x0000000002c48800 Exception <a 'java/lang/ClassNotFoundException': java/lang/ObjectCustomizer> (0x00000000d60a0880) thrown at [C:\re\workspace\8-2-build-windows-amd64-cygwin\jdk8u121\8372\hotspot\src\share\vm\classfile\systemDictionary.cpp, line 210]
Event: 9.689 Thread 0x0000000002c48800 Exception <a 'java/lang/ClassNotFoundException': org/springframework/data/web/SortHandlerMethodArgumentResolverCustomizer> (0x00000000d60cadd0) thrown at [C:\re\workspace\8-2-build-windows-amd64-cygwin\jdk8u121\8372\hotspot\src\share\vm\classfile\systemDi

Events (10 events):
Event: 9.688 loading class org/springframework/data/web/SortHandlerMethodArgumentResolverCustomizer
Event: 9.688 loading class org/springframework/data/web/SortHandlerMethodArgumentResolverCustomizer done
Event: 9.689 loading class org/springframework/data/web/SortHandlerMethodArgumentResolverCustomizer
Event: 9.689 loading class org/springframework/data/web/SortHandlerMethodArgumentResolverCustomizer done
Event: 9.689 loading class org/springframework/data/web/SortHandlerMethodArgumentResolverCustomizer
Event: 9.689 loading class org/springframework/data/web/SortHandlerMethodArgumentResolverCustomizer done
Event: 9.689 loading class org/springframework/data/web/HateoasSortHandlerMethodArgumentResolverCustomizer
Event: 9.689 loading class org/springframework/data/web/HateoasSortHandlerMethodArgumentResolverCustomizer done
Event: 9.689 loading class org/springframework/data/web/HateoasSortHandlerMethodArgumentResolverCustomizer
Event: 9.689 loading class org/springframework/data/web/HateoasSortHandlerMethodArgumentResolverCustomizer done


Dynamic libraries:
0x00007ff6bc600000 - 0x00007ff6bc637000 	C:\Program Files\Java\jre1.8.0_121\bin\javaw.exe
0x00007ffb92ad0000 - 0x00007ffb92cb1000 	C:\WINDOWS\SYSTEM32\ntdll.dll
0x00007ffb90b40000 - 0x00007ffb90bf2000 	C:\WINDOWS\System32\KERNEL32.DLL
0x00007ffb8ef20000 - 0x00007ffb8f193000 	C:\WINDOWS\System32\KERNELBASE.dll
0x00007ffb900e0000 - 0x00007ffb90181000 	C:\WINDOWS\System32\ADVAPI32.dll
0x00007ffb90a20000 - 0x00007ffb90abe000 	C:\WINDOWS\System32\msvcrt.dll
0x00007ffb90690000 - 0x00007ffb906eb000 	C:\WINDOWS\System32\sechost.dll
0x00007ffb90560000 - 0x00007ffb90684000 	C:\WINDOWS\System32\RPCRT4.dll
0x00007ffb903d0000 - 0x00007ffb90560000 	C:\WINDOWS\System32\USER32.dll
0x00007ffb8fb00000 - 0x00007ffb8fb20000 	C:\WINDOWS\System32\win32u.dll
0x00007ffb8ff60000 - 0x00007ffb8ff88000 	C:\WINDOWS\System32\GDI32.dll
0x00007ffb8f960000 - 0x00007ffb8faf2000 	C:\WINDOWS\System32\gdi32full.dll
0x00007ffb8fb20000 - 0x00007ffb8fbbf000 	C:\WINDOWS\System32\msvcp_win.dll
0x00007ffb8fbc0000 - 0x00007ffb8fcba000 	C:\WINDOWS\System32\ucrtbase.dll
0x00007ffb8d070000 - 0x00007ffb8d2d9000 	C:\WINDOWS\WinSxS\amd64_microsoft.windows.common-controls_6595b64144ccf1df_6.0.17134.228_none_fb4599993062b194\COMCTL32.dll
0x00007ffb906f0000 - 0x00007ffb90a13000 	C:\WINDOWS\System32\combase.dll
0x00007ffb8eea0000 - 0x00007ffb8ef1a000 	C:\WINDOWS\System32\bcryptPrimitives.dll
0x00007ffb901a0000 - 0x00007ffb901cd000 	C:\WINDOWS\System32\IMM32.DLL
0x00007ffb8ebe0000 - 0x00007ffb8ec3d000 	C:\Program Files\Citrix\System32\MfApHook64.dll
0x00007ffb8eb60000 - 0x00007ffb8eb8b000 	C:\Program Files\Citrix\ICAService\CtxDodHook64.dll
0x00007ffb8eb20000 - 0x00007ffb8eb52000 	C:\Program Files\Citrix\ICAService\picaFullScreenHookX64.dll
0x00007ffb8ead0000 - 0x00007ffb8eb1e000 	C:\Program Files\Citrix\ICAService\ShellHook64.dll
0x00007ffb90c00000 - 0x00007ffb92040000 	C:\WINDOWS\System32\SHELL32.dll
0x00007ffb8f910000 - 0x00007ffb8f959000 	C:\WINDOWS\System32\cfgmgr32.dll
0x00007ffb92260000 - 0x00007ffb92309000 	C:\WINDOWS\System32\shcore.dll
0x00007ffb8f1a0000 - 0x00007ffb8f8ad000 	C:\WINDOWS\System32\windows.storage.dll
0x00007ffb901d0000 - 0x00007ffb90221000 	C:\WINDOWS\System32\shlwapi.dll
0x00007ffb8ee60000 - 0x00007ffb8ee71000 	C:\WINDOWS\System32\kernel.appcore.dll
0x00007ffb8edf0000 - 0x00007ffb8ee0f000 	C:\WINDOWS\System32\profapi.dll
0x00007ffb8ee10000 - 0x00007ffb8ee5c000 	C:\WINDOWS\System32\powrprof.dll
0x00007ffb8ede0000 - 0x00007ffb8edea000 	C:\WINDOWS\System32\FLTLIB.DLL
0x00007ffb8e3e0000 - 0x00007ffb8e55c000 	C:\Program Files\Citrix\ICAService\SCardHook64.dll
0x00007ffb8e3b0000 - 0x00007ffb8e3da000 	C:\Program Files\Citrix\ICAService\cxinjime64.dll
0x00007ffb8e2f0000 - 0x00007ffb8e338000 	C:\Program Files\Citrix\ICAService\PicaWtsHook64.dll
0x0000000074310000 - 0x00000000743e2000 	C:\Program Files\Java\jre1.8.0_121\bin\msvcr100.dll
0x0000000074740000 - 0x0000000074fdb000 	C:\Program Files\Java\jre1.8.0_121\bin\server\jvm.dll
0x00007ffb923b0000 - 0x00007ffb923b8000 	C:\WINDOWS\System32\PSAPI.DLL
0x00007ffb89230000 - 0x00007ffb89253000 	C:\WINDOWS\SYSTEM32\WINMM.dll
0x00007ffb8e5b0000 - 0x00007ffb8e5ba000 	C:\WINDOWS\SYSTEM32\VERSION.dll
0x00007ffb7ceb0000 - 0x00007ffb7ceb9000 	C:\WINDOWS\SYSTEM32\WSOCK32.dll
0x00007ffb90ac0000 - 0x00007ffb90b2c000 	C:\WINDOWS\System32\WS2_32.dll
0x00007ffb89170000 - 0x00007ffb8919a000 	C:\WINDOWS\SYSTEM32\winmmbase.dll
0x0000000075a30000 - 0x0000000075a3f000 	C:\Program Files\Java\jre1.8.0_121\bin\verify.dll
0x0000000075a00000 - 0x0000000075a29000 	C:\Program Files\Java\jre1.8.0_121\bin\java.dll
0x00000000758d0000 - 0x00000000758e6000 	C:\Program Files\Java\jre1.8.0_121\bin\zip.dll
0x0000000075850000 - 0x000000007585d000 	C:\Program Files\Java\jre1.8.0_121\bin\management.dll
0x00000000758b0000 - 0x00000000758ca000 	C:\Program Files\Java\jre1.8.0_121\bin\net.dll
0x00007ffb8dad0000 - 0x00007ffb8db36000 	C:\WINDOWS\system32\mswsock.dll
0x0000000075890000 - 0x00000000758a1000 	C:\Program Files\Java\jre1.8.0_121\bin\nio.dll
0x00007ffb85da0000 - 0x00007ffb85db6000 	C:\WINDOWS\system32\napinsp.dll
0x00007ffb85d80000 - 0x00007ffb85d9a000 	C:\WINDOWS\system32\pnrpnsp.dll
0x00007ffb8a7e0000 - 0x00007ffb8a7f9000 	C:\WINDOWS\system32\NLAapi.dll
0x00007ffb8d890000 - 0x00007ffb8d94e000 	C:\WINDOWS\SYSTEM32\DNSAPI.dll
0x00007ffb90b30000 - 0x00007ffb90b38000 	C:\WINDOWS\System32\NSI.dll
0x00007ffb8d850000 - 0x00007ffb8d888000 	C:\WINDOWS\SYSTEM32\IPHLPAPI.DLL
0x00007ffb85dc0000 - 0x00007ffb85dce000 	C:\WINDOWS\System32\winrnr.dll
0x00007ffb85e50000 - 0x00007ffb85e5a000 	C:\Windows\System32\rasadhlp.dll
0x00007ffb87a70000 - 0x00007ffb87ae2000 	C:\WINDOWS\System32\fwpuclnt.dll
0x00007ffb8e580000 - 0x00007ffb8e5a5000 	C:\WINDOWS\SYSTEM32\bcrypt.dll
0x00007ffb8dcf0000 - 0x00007ffb8dd07000 	C:\WINDOWS\SYSTEM32\CRYPTSP.dll
0x00007ffb8d6b0000 - 0x00007ffb8d6e3000 	C:\WINDOWS\system32\rsaenh.dll
0x00007ffb8ed10000 - 0x00007ffb8ed38000 	C:\WINDOWS\SYSTEM32\USERENV.dll
0x00007ffb8dce0000 - 0x00007ffb8dceb000 	C:\WINDOWS\SYSTEM32\CRYPTBASE.dll
0x00007ffb87a50000 - 0x00007ffb87a66000 	C:\WINDOWS\SYSTEM32\dhcpcsvc6.DLL
0x00007ffb87a30000 - 0x00007ffb87a4a000 	C:\WINDOWS\SYSTEM32\dhcpcsvc.DLL

VM Arguments:
jvm_args: -Dcom.sun.management.jmxremote -Dcom.sun.management.jmxremote.port=56884 -Dcom.sun.management.jmxremote.authenticate=false -Dcom.sun.management.jmxremote.ssl=false -Djava.rmi.server.hostname=localhost -Dspring.liveBeansView.mbeanDomain -Dspring.application.admin.enabled=true -Xverify:none -XX:TieredStopAtLevel=1 -Dfile.encoding=UTF-8 
java_command: com.cg.app.mmbankappserver.MmbankappServerApplication --spring.output.ansi.enabled=always
java_class_path (initial): C:\moneymoneybankservicesconfiguration\mmbankapp-server\mmbankapp-server\target\classes;C:\Users\mrnimmal\.m2\repository\org\springframework\cloud\spring-cloud-starter-netflix-eureka-server\2.0.2.RELEASE\spring-cloud-starter-netflix-eureka-server-2.0.2.RELEASE.jar;C:\Users\mrnimmal\.m2\repository\org\springframework\cloud\spring-cloud-starter\2.0.2.RELEASE\spring-cloud-starter-2.0.2.RELEASE.jar;C:\Users\mrnimmal\.m2\repository\org\springframework\cloud\spring-cloud-context\2.0.2.RELEASE\spring-cloud-context-2.0.2.RELEASE.jar;C:\Users\mrnimmal\.m2\repository\org\springframework\security\spring-security-crypto\5.1.3.RELEASE\spring-security-crypto-5.1.3.RELEASE.jar;C:\Users\mrnimmal\.m2\repository\org\springframework\cloud\spring-cloud-commons\2.0.2.RELEASE\spring-cloud-commons-2.0.2.RELEASE.jar;C:\Users\mrnimmal\.m2\repository\org\springframework\security\spring-security-rsa\1.0.7.RELEASE\spring-security-rsa-1.0.7.RELEASE.jar;C:\Users\mrnimmal\.m2\repository\org\bouncycastle\bcpkix-jdk15on\1.60\bcpkix-jdk15on-1.60.jar;C:\Users\mrnimmal\.m2\repository\org\bouncycastle\bcprov-jdk15on\1.60\bcprov-jdk15on-1.60.jar;C:\Users\mrnimmal\.m2\repository\org\springframework\cloud\spring-cloud-netflix-eureka-server\2.0.2.RELEASE\spring-cloud-netflix-eureka-server-2.0.2.RELEASE.jar;C:\Users\mrnimmal\.m2\repository\org\springframework\boot\spring-boot-starter-freemarker\2.1.2.RELEASE\spring-boot-starter-freemarker-2.1.2.RELEASE.jar;C:\Users\mrnimmal\.m2\repository\org\freemarker\freemarker\2.3.28\freemarker-2.3.28.jar;C:\Users\mrnimmal\.m2\repository\org\springframework\spring-context-support\5.1.4.RELEASE\spring-context-support-5.1.4.RELEASE.jar;C:\Users\mrnimmal\.m2\repository\org\springframework\cloud\spring-cloud-netflix-core\2.0.2.RELEASE\spring-cloud-netflix-core-2.0.2.RELEASE.jar;C:\Users\mrnimmal\.m2\repository\org\springframework\boot\spring-boot-starter-aop\2.1.2.RELEASE\spring-boot-starter-aop-2.1.2.RELEASE.jar;C:\Users\mrnimmal\.m2\repository
Launcher Type: SUN_STANDARD

Environment Variables:
PATH=C:/Program Files/Java/jre1.8.0_121/bin/server;C:/Program Files/Java/jre1.8.0_121/bin;C:/Program Files/Java/jre1.8.0_121/lib/amd64;C:\Python34\;C:\Python34\Scripts;C:\oraclexe\app\oracle\product\11.2.0\server\bin;C:\ProgramData\Oracle\Java\javapath;C:\WINDOWS\system32;C:\WINDOWS;C:\WINDOWS\System32\Wbem;C:\WINDOWS\System32\WindowsPowerShell\v1.0\;C:\Program Files\TortoiseSVN\bin;C:\Program Files\nodejs\;C:\Program Files\Git\cmd;C:\Program Files (x86)\Microsoft SQL Server\110\Tools\Binn\ManagementStudio\;C:\Program Files (x86)\Microsoft SQL Server\110\Tools\Binn\;C:\Program Files (x86)\Microsoft SQL Server\110\DTS\Binn\;C:\Program Files\Citrix\System32\;C:\Program Files\Citrix\ICAService\;C:\WINDOWS\System32\OpenSSH\;C:\Users\mrnimmal\AppData\Local\Microsoft\WindowsApps;;C:\SpringProjects\sts-bundle\sts-3.9.7.RELEASE;
USERNAME=mrnimmal
OS=Windows_NT
PROCESSOR_IDENTIFIER=Intel64 Family 15 Model 6 Stepping 1, GenuineIntel



---------------  S Y S T E M  ---------------

OS: Windows 10.0 , 64 bit Build 17134 (10.0.17134.1)

CPU:total 4 (2 cores per cpu, 1 threads per core) family 15 model 6 stepping 1, cmov, cx8, fxsr, mmx, sse, sse2, sse3, ssse3, sse4.1, sse4.2, popcnt, avx, avx2, aes, clmul, erms, rtm, 3dnowpref, lzcnt, tsc, bmi1, bmi2, adx

Memory: 4k page, physical 8388056k(859968k free), swap 18697820k(880k free)

vm_info: Java HotSpot(TM) 64-Bit Server VM (25.121-b13) for windows-amd64 JRE (1.8.0_121-b13), built on Dec 12 2016 18:21:36 by "java_re" with MS VC++ 10.0 (VS2010)

time: Wed Jan 23 18:53:46 2019
elapsed time: 9 seconds (0d 0h 0m 9s)

